<?xml version="1.0" encoding="UTF-8"?>
<!-- Generated by org.testng.reporters.JUnitReportReporter -->
<testsuite hostname="NAVEEN-PC" failures="0" tests="2" name="api.test.UserTests3chatGPT" time="13.228" errors="0" timestamp="2025-05-18T00:41:03 IST" skipped="0">
  <testcase classname="api.test.UserTests3chatGPT" name="testPostUser" time="5.536"/>
  <testcase classname="api.test.UserTests3chatGPT" name="testGetUserByName" time="7.692"/>
</testsuite> <!-- api.test.UserTests3chatGPT -->
