<?xml version="1.0" encoding="UTF-8"?>
<!-- Generated by org.testng.reporters.JUnitReportReporter -->
<testsuite hostname="NAVEEN-PC" failures="0" tests="6" name="api.test.DDtest" time="8.452" errors="0" timestamp="2025-05-17T14:55:45 IST" skipped="0">
  <testcase classname="api.test.DDtest" name="testPostUser" time="2.797"/>
  <testcase classname="api.test.DDtest" name="testPostUser" time="1.093"/>
  <testcase classname="api.test.DDtest" name="testPostUser" time="1.124"/>
  <testcase classname="api.test.DDtest" name="testDeleteUserbyName" time="1.161"/>
  <testcase classname="api.test.DDtest" name="testDeleteUserbyName" time="1.086"/>
  <testcase classname="api.test.DDtest" name="testDeleteUserbyName" time="1.191"/>
</testsuite> <!-- api.test.DDtest -->
