<?xml version="1.0" encoding="UTF-8"?>
<!-- Generated by org.testng.reporters.JUnitReportReporter -->
<testsuite hostname="NAVEEN-PC" failures="0" tests="4" name="api.test.UserTests2" time="14.455" errors="0" timestamp="2025-05-17T21:33:25 IST" skipped="0">
  <testcase classname="api.test.UserTests2" name="testPostUser" time="4.688"/>
  <testcase classname="api.test.UserTests2" name="testGetUserbyName" time="3.052"/>
  <testcase classname="api.test.UserTests2" name="testUpdateuser" time="4.269"/>
  <testcase classname="api.test.UserTests2" name="testDeleteUserbyName" time="2.446"/>
</testsuite> <!-- api.test.UserTests2 -->
